[19:40:05] [main/INFO]: Setting user: Player561
[19:40:07] [Client thread/INFO]: LWJGL Version: 2.9.1
[19:40:15] [Client thread/INFO]: Reloading ResourceManager: Default, FMLFileResourcePack:Forge Mod Loader, FMLFileResourcePack:Minecraft Forge, FMLFileResourcePack:Not Enough Items, FMLFileResourcePack:Example Mod, FMLFileResourcePack:CoFH Core, FMLFileResourcePack:NEI Addons, FMLFileResourcePack:NEI Addons: Developer Tools, FMLFileResourcePack:NEI Addons: Applied Energistics 2, FMLFileResourcePack:NEI Addons: Botany, FMLFileResourcePack:NEI Addons: Forestry, FMLFileResourcePack:NEI Addons: Crafting Tables, FMLFileResourcePack:NEI Addons: Ex Nihilo, FMLFileResourcePack:NEI Integration, FMLFileResourcePack:Not Enough Resources, FMLFileResourcePack:bspkrsCore, FMLFileResourcePack:Forge Microblocks, FMLFileResourcePack:Forge Multipart, FMLFileResourcePack:Minecraft Multipart Plugin, FMLFileResourcePack:MCFrames, FMLFileResourcePack:ForgeRelocation, FMLFileResourcePack:RelocationFMP, FMLFileResourcePack:MrTJPCore
[19:40:18] [Sound Library Loader/INFO]: Sound engine started
[19:40:18] [Client thread/INFO]: Created: 16x16 textures/blocks-atlas
[19:40:18] [Client thread/INFO]: Created: 16x16 textures/items-atlas
[19:40:20] [Client thread/INFO]: Reloading ResourceManager: Default, FMLFileResourcePack:Forge Mod Loader, FMLFileResourcePack:Minecraft Forge, FMLFileResourcePack:Not Enough Items, FMLFileResourcePack:Example Mod, FMLFileResourcePack:CoFH Core, FMLFileResourcePack:NEI Addons, FMLFileResourcePack:NEI Addons: Developer Tools, FMLFileResourcePack:NEI Addons: Applied Energistics 2, FMLFileResourcePack:NEI Addons: Botany, FMLFileResourcePack:NEI Addons: Forestry, FMLFileResourcePack:NEI Addons: Crafting Tables, FMLFileResourcePack:NEI Addons: Ex Nihilo, FMLFileResourcePack:NEI Integration, FMLFileResourcePack:Not Enough Resources, FMLFileResourcePack:bspkrsCore, FMLFileResourcePack:Forge Microblocks, FMLFileResourcePack:Forge Multipart, FMLFileResourcePack:Minecraft Multipart Plugin, FMLFileResourcePack:MCFrames, FMLFileResourcePack:ForgeRelocation, FMLFileResourcePack:RelocationFMP, FMLFileResourcePack:MrTJPCore
[19:40:20] [Client thread/INFO]: Created: 512x256 textures/blocks-atlas
[19:40:20] [Client thread/INFO]: Created: 256x256 textures/items-atlas
[19:40:21] [Sound Library Loader/INFO]: Sound engine started
[19:40:41] [Server thread/INFO]: Starting integrated minecraft server version 1.7.10
[19:40:41] [Server thread/INFO]: Generating keypair
[19:40:41] [Server thread/INFO]: Preparing start region for level 0
[19:40:42] [Server thread/INFO]: Changing view distance to 12, from 10
[19:40:43] [Server thread/INFO]: Player561[local:E:1982b5d1] logged in with entity id 369 at (142.5, 71.0, 243.5)
[19:40:43] [Server thread/INFO]: Player561 joined the game
[19:40:46] [Client thread/INFO]: [CHAT] §cbspkrsCore 6.16 §ris out! Download the latest from §ahttp://www.minecraftforum.net/topic/1114612-§r
[19:40:47] [Client thread/INFO]: Warning: Clientside chunk ticking took 403 ms
[19:40:47] [Client thread/INFO]: Warning: Clientside chunk ticking took 257 ms
[19:40:47] [Server thread/INFO]: Player561 has just earned the achievement [Taking Inventory]
[19:40:47] [Client thread/INFO]: [CHAT] Player561 has just earned the achievement [Taking Inventory]
[19:40:54] [Server thread/INFO]: Saving and pausing game...
[19:40:54] [Server thread/INFO]: Saving chunks for level 'New World'/Overworld
[19:40:54] [Server thread/INFO]: Saving chunks for level 'New World'/Nether
[19:40:54] [Server thread/INFO]: Saving chunks for level 'New World'/The End
[19:41:04] [Client thread/INFO]: Reloading ResourceManager: Default, FMLFileResourcePack:Forge Mod Loader, FMLFileResourcePack:Minecraft Forge, FMLFileResourcePack:Not Enough Items, FMLFileResourcePack:Example Mod, FMLFileResourcePack:CoFH Core, FMLFileResourcePack:NEI Addons, FMLFileResourcePack:NEI Addons: Developer Tools, FMLFileResourcePack:NEI Addons: Applied Energistics 2, FMLFileResourcePack:NEI Addons: Botany, FMLFileResourcePack:NEI Addons: Forestry, FMLFileResourcePack:NEI Addons: Crafting Tables, FMLFileResourcePack:NEI Addons: Ex Nihilo, FMLFileResourcePack:NEI Integration, FMLFileResourcePack:Not Enough Resources, FMLFileResourcePack:bspkrsCore, FMLFileResourcePack:Forge Microblocks, FMLFileResourcePack:Forge Multipart, FMLFileResourcePack:Minecraft Multipart Plugin, FMLFileResourcePack:MCFrames, FMLFileResourcePack:ForgeRelocation, FMLFileResourcePack:RelocationFMP, FMLFileResourcePack:MrTJPCore
[19:41:04] [Client thread/INFO]: Created: 512x256 textures/blocks-atlas
[19:41:04] [Client thread/INFO]: Created: 256x256 textures/items-atlas
[19:41:05] [Sound Library Loader/INFO]: Sound engine started
[19:41:06] [Client thread/INFO]: Reloading ResourceManager: Default, FMLFileResourcePack:Forge Mod Loader, FMLFileResourcePack:Minecraft Forge, FMLFileResourcePack:Not Enough Items, FMLFileResourcePack:Example Mod, FMLFileResourcePack:CoFH Core, FMLFileResourcePack:NEI Addons, FMLFileResourcePack:NEI Addons: Developer Tools, FMLFileResourcePack:NEI Addons: Applied Energistics 2, FMLFileResourcePack:NEI Addons: Botany, FMLFileResourcePack:NEI Addons: Forestry, FMLFileResourcePack:NEI Addons: Crafting Tables, FMLFileResourcePack:NEI Addons: Ex Nihilo, FMLFileResourcePack:NEI Integration, FMLFileResourcePack:Not Enough Resources, FMLFileResourcePack:bspkrsCore, FMLFileResourcePack:Forge Microblocks, FMLFileResourcePack:Forge Multipart, FMLFileResourcePack:Minecraft Multipart Plugin, FMLFileResourcePack:MCFrames, FMLFileResourcePack:ForgeRelocation, FMLFileResourcePack:RelocationFMP, FMLFileResourcePack:MrTJPCore
[19:41:06] [Client thread/INFO]: Created: 512x256 textures/blocks-atlas
[19:41:06] [Client thread/INFO]: Created: 256x256 textures/items-atlas
[19:41:07] [Sound Library Loader/INFO]: Sound engine started
[19:41:38] [Client thread/INFO]: Stopping!
[19:41:38] [Server thread/INFO]: Stopping server
[19:41:38] [Server thread/INFO]: Saving players
[19:41:38] [Server thread/INFO]: Saving worlds
[19:41:38] [Server thread/INFO]: Saving chunks for level 'New World'/Overworld
[19:41:38] [Server thread/INFO]: Saving chunks for level 'New World'/Nether
[19:41:38] [Server thread/INFO]: Saving chunks for level 'New World'/The End
[19:41:39] [Client Shutdown Thread/INFO]: Stopping server
[19:41:39] [Client Shutdown Thread/INFO]: Saving players
